<?xml version="1.0" encoding="UTF-8"?>
<coverage generated="1643071851401" clover="3.2.0">
  <project timestamp="1643071851402" name="All files">
    <metrics statements="1" coveredstatements="0" conditionals="0" coveredconditionals="0" methods="6" coveredmethods="0" elements="7" coveredelements="0" complexity="0" loc="1" ncloc="1" packages="1" files="1" classes="1"/>
    <file name="atividade1.js" path="C:\Users\Diovan\Projeto automação\curso-testes-automatizados\Aula 2\atividade1.js">
      <metrics statements="1" coveredstatements="0" conditionals="0" coveredconditionals="0" methods="6" coveredmethods="0"/>
      <line num="8" count="0" type="stmt"/>
    </file>
  </project>
</coverage>
